 ** Message System Log
 ** Database: 
 ** Date:   Sun May 03 04:47:44 2020


****************
Macro Parameters
****************

Name                            : fifo_rx_is
Family                          : PA3LDP
Output Format                   : VHDL
Type                            : FIFO
Write Enable                    : Active High
Read Clock                      : Rising
Write Clock                     : Rising
Reset                           : Active High
Read Enable                     : Active High
Write Depth                     : 12
Write Width                     : 12
Read Depth                      : 12
Read Width                      : 12
Almost Full                     : 3
Almost Empty                    : 1
Flags                           : Static
AFFlag Units                    : Write Words
AEFlag Units                    : Read Words
Read Pipe Mode1                 : Pipe
Count Read After Empty          : Yes
Count Write After Full          : Yes
Portname DataIn                 : DATA
Portname DataOut                : Q
Portname AE Port                : AEVAL
Portname AF Port                : AFVAL
Portname Write En               : WE
Portname Read En                : RE
Portname WClock                 : WCLOCK
Portname RClock                 : RCLOCK
Portname AE Flag                : AEMPTY
Portname AF Flag                : AFULL
Portname Full Flag              : FULL
Portname Empty Flag             : EMPTY
Portname Reset                  : RESET


Cascade Configuration:
     Block configuration        : 256x18
     Number of blocks depth wise: 1
     Number of blocks width wise: 1

**************
Compile Report
**************


Netlist Resource Report
=======================

    CORE                       Used:      2  Total:  75264   (0.00%)
    IO (W/ clocks)             Used:      0  Total:    341   (0.00%)
    Differential IO            Used:      0  Total:    168   (0.00%)
    GLOBAL (Chip+Quadrant)     Used:      0  Total:     18   (0.00%)
    PLL                        Used:      0  Total:      6   (0.00%)
    RAM/FIFO                   Used:      1  Total:    112   (0.89%)
    Low Static ICC             Used:      0  Total:      1   (0.00%)
    FlashROM                   Used:      0  Total:      1   (0.00%)
    User JTAG                  Used:      0  Total:      1   (0.00%)

Wrote VHDL netlist to G:/ACTELL/EKB/EKB/Libero/smartgen\fifo_rx_is\fifo_rx_is.vhd.

 ** Log Ended:   Sun May 03 04:47:45 2020

