 ** Message System Log
 ** Database: 
<<<<<<< HEAD
 ** Date:   Mon Jul 20 16:30:08 2020
=======
 ** Date:   Mon Jul 06 20:24:46 2020
>>>>>>> e296f02de89eba86bbe678e34dace66c718d9223


****************
Macro Parameters
****************

Name                            : PLL_1
Family                          : PA3LDP
Output Format                   : VHDL
Type                            : Static PLL
PowerDown                       : Active Low
Lock                            : Active High
<<<<<<< HEAD
Input Freq(Mhz)                 : 54.000000
=======
Input Freq(Mhz)                 : 137.500000
>>>>>>> e296f02de89eba86bbe678e34dace66c718d9223
CLKA Source                     : Core Logic
Feedback Delay Value Index      : 1
Feedback Mux Select             : 1
XDLY Mux Select                 : No
Primary Freq(Mhz)               : 29.500000
Primary PhaseShift              : 0
Primary Delay Value Index       : 1
Primary Mux Select              : 4
<<<<<<< HEAD
Secondary1 Freq(Mhz)            : 0.000000
Use GLB                         : NO
=======
Secondary1 Freq(Mhz)            : 29.500000
Use GLB                         : YES
>>>>>>> e296f02de89eba86bbe678e34dace66c718d9223
Use YB                          : NO
GLB Delay Value Index           : 32
YB Delay Value Index            : 32
Secondary1 PhaseShift           : 0
Secondary1 Mux Select           : 0
Secondary2 Freq(Mhz)            : 0.000000
Use GLC                         : NO
Use YC                          : NO
GLC Delay Value Index           : 32
YC Delay Value Index            : 32
Secondary2 PhaseShift           : 0
Secondary2 Mux Select           : 0
Lock Control                    : No

Configuration Bits:
<<<<<<< HEAD
FINDIV[6:0]     0010001
FBDIV[6:0]      0111010
OADIV[4:0]      00101
OBDIV[4:0]      00000
=======
FINDIV[6:0]     0110110
FBDIV[6:0]      0111010
OADIV[4:0]      00100
OBDIV[4:0]      00100
>>>>>>> e296f02de89eba86bbe678e34dace66c718d9223
OCDIV[4:0]      00000
OAMUX[2:0]      100
OBMUX[2:0]      000
OCMUX[2:0]      000
FBSEL[1:0]      01
FBDLY[4:0]      00000
XDLYSEL         0
DLYGLA[4:0]     00000
DLYGLB[4:0]     00000
DLYGLC[4:0]     00000
DLYYB[4:0]      00000
DLYYC[4:0]      00000
VCOSEL[2:0]     110

Primary Clock Frequency 29.500
Primary Clock Phase Shift 0.000
Primary Clock Output Delay from CLKA 2.200

<<<<<<< HEAD
=======
Secondary1 Clock Frequency 29.500
Secondary1 Clock Phase Shift 0.000
Secondary1 Clock Global Output Delay from CLKA 3.450

>>>>>>> e296f02de89eba86bbe678e34dace66c718d9223

**************
Compile Report
**************


Netlist Resource Report
=======================

    CORE                       Used:      0  Total:  75264   (0.00%)
    IO (W/ clocks)             Used:      0  Total:    341   (0.00%)
    Differential IO            Used:      0  Total:    168   (0.00%)
    GLOBAL (Chip+Quadrant)     Used:      1  Total:     18   (5.56%)
    PLL                        Used:      1  Total:      6   (16.67%)
    RAM/FIFO                   Used:      0  Total:    112   (0.00%)
    Low Static ICC             Used:      0  Total:      1   (0.00%)
    FlashROM                   Used:      0  Total:      1   (0.00%)
    User JTAG                  Used:      0  Total:      1   (0.00%)

Wrote VHDL netlist to G:/ACTELL/EKB/EKB_v1/EKB/Libero/smartgen\PLL_1\PLL_1.vhd.

<<<<<<< HEAD
 ** Log Ended:   Mon Jul 20 16:30:08 2020
=======
 ** Log Ended:   Mon Jul 06 20:24:47 2020
>>>>>>> e296f02de89eba86bbe678e34dace66c718d9223

