 ** Message System Log
 ** Database: 
 ** Date:   Tue Jul 28 09:28:22 2020


****************
Macro Parameters
****************

Name                            : Ram_scaling
Family                          : PA3LDP
Output Format                   : VHDL
Type                            : RAM
Write Enable                    : Active High
Read Enable                     : Active High
Reset                           : Active High
LP                              : None
FF                              : None
Read Clock                      : Rising
Write Clock                     : Rising
Write Depth                     : 1024
Write Width                     : 12
Read Depth                      : 1024
Read Width                      : 12
RAM Type                        : Two Port
Clocks                          : Independent Read and Write Clocks
Write Mode A                    : Hold Data
Write Mode B                    : Hold Data
Read Pipeline A                 : No
Read Pipeline B                 : Yes
Optimized for                   : Speed
Portname DataIn                 : WD
Portname DataOut                : RD
Portname Write En               : WEN
Portname Read En                : REN
Portname WClock                 : WCLK
Portname RClock                 : RCLK
Portname WAddress               : WADDR
Portname RAddress               : RADDR
Portname Reset                  : RESET
Portname Clock                  :
Portname DataAIn                :
Portname DataBIn                :
Portname DataAOut               :
Portname DataBOut               :
Portname AddressA               :
Portname AddressB               :
Portname CLKA                   :
Portname CLKB                   :
Portname RWA                    :
Portname RWB                    :
Portname BLKA                   :
Portname BLKB                   :
Portname LP                     :
Portname FF                     :
Initialize RAM                  : False

Cascade Configuration:
     Write Port configuration   : 1024x4
     Read Port configuration    : 1024x4
     Number of blocks depth wise: 1
     Number of blocks width wise: 3

**************
Compile Report
**************


Netlist Resource Report
=======================

    CORE                       Used:      3  Total:  75264   (0.00%)
    IO (W/ clocks)             Used:      0  Total:    341   (0.00%)
    Differential IO            Used:      0  Total:    168   (0.00%)
    GLOBAL (Chip+Quadrant)     Used:      0  Total:     18   (0.00%)
    PLL                        Used:      0  Total:      6   (0.00%)
    RAM/FIFO                   Used:      3  Total:    112   (2.68%)
    Low Static ICC             Used:      0  Total:      1   (0.00%)
    FlashROM                   Used:      0  Total:      1   (0.00%)
    User JTAG                  Used:      0  Total:      1   (0.00%)

Wrote VHDL netlist to G:/ACTELL/EKB/EKB_v1/EKB/Libero/smartgen\Ram_scaling\Ram_scaling.vhd.

 ** Log Ended:   Tue Jul 28 09:28:23 2020

