 ** Message System Log
 ** Database: 
 ** Date:   Tue Jun 30 21:04:20 2020


****************
Macro Parameters
****************

Name                            : ddr_data_imx
Family                          : PA3LDP
Output Format                   : VHDL
Type                            : Input Buffers
Variation                       : Special
Width                           : 4
Technology                      : LVDS

**************
Compile Report
**************


Netlist Resource Report
=======================

    CORE                       Used:      0  Total:  75264   (0.00%)
    IO (W/ clocks)             Used:      8  Total:    341   (2.35%)
    Differential IO            Used:      4  Total:    168   (2.38%)
    GLOBAL (Chip+Quadrant)     Used:      0  Total:     18   (0.00%)
    PLL                        Used:      0  Total:      6   (0.00%)
    RAM/FIFO                   Used:      0  Total:    112   (0.00%)
    Low Static ICC             Used:      0  Total:      1   (0.00%)
    FlashROM                   Used:      0  Total:      1   (0.00%)
    User JTAG                  Used:      0  Total:      1   (0.00%)

Wrote VHDL netlist to G:/ACTELL/EKB/EKB/Libero/smartgen\ddr_data_imx\ddr_data_imx.vhd.

 ** Log Ended:   Tue Jun 30 21:04:20 2020

