 ** Message System Log
 ** Database: 
 ** Date:   Sun May 03 05:38:06 2020


****************
Macro Parameters
****************

Name                            : two_port_RAM
Family                          : PA3LDP
Output Format                   : VHDL
Type                            : RAM
Write Enable                    : Active High
Read Enable                     : Active High
Reset                           : Active High
LP                              : None
FF                              : None
Read Clock                      : Rising
Write Clock                     : Rising
Write Depth                     : 512
Write Width                     : 12
Read Depth                      : 512
Read Width                      : 12
RAM Type                        : Two Port
Clocks                          : Independent Read and Write Clocks
Write Mode A                    : Hold Data
Write Mode B                    : Hold Data
Read Pipeline A                 : No
Read Pipeline B                 : No
Optimized for                   : Speed
Portname DataIn                 : WD
Portname DataOut                : RD
Portname Write En               : WEN
Portname Read En                : REN
Portname WClock                 : WCLK
Portname RClock                 : RCLK
Portname WAddress               : WADDR
Portname RAddress               : RADDR
Portname Reset                  : RESET
Portname Clock                  :
Portname DataAIn                :
Portname DataBIn                :
Portname DataAOut               :
Portname DataBOut               :
Portname AddressA               :
Portname AddressB               :
Portname CLKA                   :
Portname CLKB                   :
Portname RWA                    :
Portname RWB                    :
Portname BLKA                   :
Portname BLKB                   :
Portname LP                     :
Portname FF                     :
Initialize RAM                  : False

Cascade Configuration:
     Write Port configuration   : 512x8
     Read Port configuration    : 512x8
     Number of blocks depth wise: 1
     Number of blocks width wise: 2

**************
Compile Report
**************


Netlist Resource Report
=======================

    CORE                       Used:      3  Total:  75264   (0.00%)
    IO (W/ clocks)             Used:      0  Total:    341   (0.00%)
    Differential IO            Used:      0  Total:    168   (0.00%)
    GLOBAL (Chip+Quadrant)     Used:      0  Total:     18   (0.00%)
    PLL                        Used:      0  Total:      6   (0.00%)
    RAM/FIFO                   Used:      2  Total:    112   (1.79%)
    Low Static ICC             Used:      0  Total:      1   (0.00%)
    FlashROM                   Used:      0  Total:      1   (0.00%)
    User JTAG                  Used:      0  Total:      1   (0.00%)

Wrote VHDL netlist to G:/ACTELL/EKB/EKB/Libero/smartgen\two_port_RAM\two_port_RAM.vhd.

 ** Log Ended:   Sun May 03 05:38:07 2020

